STATUS:Searching for applets
EXCEPT:Traceback (most recent call last):
          File "/home/b07202020/p4vasp/python-packages/p4vasp/applet/__init__.py", line 106, in findApplets
           o=getClass(c)
          File "/home/b07202020/p4vasp/python-packages/p4vasp/applet/__init__.py", line 77, in getClass
           exec "import %s\nc=%s\n"%(join(v[:-1],"."),c)
          File "<string>", line 1, in <module>
          File "/home/b07202020/p4vasp/python-packages/p4vasp/applet/KpointsViewerApplet.py", line 27, in <module>
           from p4vasp.paint3d.OpenGLPaint3D import *
          File "/home/b07202020/p4vasp/python-packages/p4vasp/paint3d/OpenGLPaint3D.py", line 5, in <module>
           from OpenGL.GL import *
        ImportError: No module named OpenGL.GL
       
STATUS:Creating menu items
MSG   :Add menu Edit::New
MSG   :Add menu Structure::Window
MSG   :Add menu Structure::Control
MSG   :Add menu Electronic::DOS + bands
MSG   :Add menu Electronic::Local DOS+bands control
MSG   :Add menu Edit::Builder
MSG   :Add menu Edit::Edit sub-Z-matrix
MSG   :Add menu Database::Query
MSG   :Add menu Mechanics::Phonon dispersion
MSG   :Add menu Edit::Multiply cell
MSG   :Add menu Structure::Lattice
MSG   :Add menu Database::Commit
MSG   :Add menu Convergence::Energy
MSG   :Add menu Structure::Show/hide atoms
MSG   :Add menu Mechanics::VAC
MSG   :Add menu Structure::Export
MSG   :Add menu Convergence::Selected forces
MSG   :Add menu Structure::Show (old)
MSG   :Add menu Mechanics::Phonons k-points path
MSG   :Add menu Edit::Rotate atoms
MSG   :Add menu Electronic::STM Window
MSG   :Add menu Electronic::STM Control
MSG   :Add menu Electronic::Local potential
MSG   :Add menu Edit::Move atoms
MSG   :Add menu Electronic::Dielectric function
MSG   :Add menu Convergence::Forces
MSG   :Add menu Structure::Measure
MSG   :Add menu Edit::Info
STATUS:Initializing toolbar buttons
STATUS:Initializing selection applet
STATUS:reading vasprun.xml
STATUS:Parsing free energy sequence
STATUS:OK
STATUS:loading setup
ERROR : Can not read setup.xml
STATUS:setup loaded
STATUS:reading vasprun.xml
STATUS:reading vasprun.xml OK
STATUS:OK
STATUS:reading graph dos from /home/b07202020/p4vasp/data/graphs/dos.agr
STATUS:reading graph dos_x from /home/b07202020/p4vasp/data/graphs/dos_x.agr
STATUS:reading graph dos_y from /home/b07202020/p4vasp/data/graphs/dos_y.agr
STATUS:reading graph bands from /home/b07202020/p4vasp/data/graphs/bands.agr
STATUS:reading graph dosbands from /home/b07202020/p4vasp/data/graphs/dosbands.agr
STATUS:reading graph inverse_participation_ratio from /home/b07202020/p4vasp/data/graphs/inverse_participation_ratio.agr
STATUS:reading graph dos_ipr from /home/b07202020/p4vasp/data/graphs/dos_ipr.agr
STATUS:Update
STATUS:Update data
STATUS:Read structure
STATUS:Parsing initial structure
STATUS:OK
STATUS:OK
STATUS:Update DOS data
STATUS:Parsing DOS, please wait
STATUS:OK
STATUS:OK
STATUS:OK
STATUS:OK
STATUS:Update
STATUS:Update data
STATUS:Update k-points
STATUS:Scanning k-points
STATUS:OK
STATUS:Update eigenvalues
STATUS:Parsing eigenvalues (L)
STATUS:OK
STATUS:Scanning eigenvalues.
STATUS:Scanning eigenvalues..
STATUS:Eigenvalues updated
STATUS:OK
STATUS:OK
STATUS:Update
STATUS:Update data
STATUS:Read structure
STATUS:OK
STATUS:Update DOS data
STATUS:OK
STATUS:OK
STATUS:OK
STATUS:Update
STATUS:Update data
STATUS:Read structure
STATUS:OK
STATUS:Update DOS data
STATUS:OK
STATUS:OK
STATUS:OK
STATUS:Update
STATUS:Update data
STATUS:Update k-points
STATUS:Scanning k-points
STATUS:OK
STATUS:Update eigenvalues
STATUS:Scanning eigenvalues.
STATUS:Scanning eigenvalues..
STATUS:Eigenvalues updated
STATUS:OK
STATUS:OK
STATUS:Parsing partial DOS
STATUS:OK
STATUS:Update
STATUS:Update data
STATUS:Update eigenvalues: spin up
STATUS:Read projected eigenvalues
STATUS:Parsing projected eigenvalues (L)
STATUS:OK
STATUS:Setup projected eigenvalues
STATUS:OK
STATUS:Process projected eigenvalues
STATUS:Processing spin 1/1, band 1/20, step 1/20, time 0/0 s
STATUS:Processing spin 1/1, band 2/20, step 2/20, time 0/0 s
STATUS:Processing spin 1/1, band 3/20, step 3/20, time 0/0 s
STATUS:Processing spin 1/1, band 4/20, step 4/20, time 0/0 s
STATUS:Processing spin 1/1, band 5/20, step 5/20, time 0/0 s
STATUS:Processing spin 1/1, band 6/20, step 6/20, time 0/0 s
STATUS:Processing spin 1/1, band 7/20, step 7/20, time 0/0 s
STATUS:Processing spin 1/1, band 8/20, step 8/20, time 0/0 s
STATUS:Processing spin 1/1, band 9/20, step 9/20, time 0/0 s
STATUS:Processing spin 1/1, band 10/20, step 10/20, time 0/0 s
STATUS:Processing spin 1/1, band 11/20, step 11/20, time 0/0 s
STATUS:Processing spin 1/1, band 12/20, step 12/20, time 0/0 s
STATUS:Processing spin 1/1, band 13/20, step 13/20, time 0/0 s
STATUS:Processing spin 1/1, band 14/20, step 14/20, time 0/0 s
STATUS:Processing spin 1/1, band 15/20, step 15/20, time 0/0 s
STATUS:Processing spin 1/1, band 16/20, step 16/20, time 0/0 s
STATUS:Processing spin 1/1, band 17/20, step 17/20, time 0/0 s
STATUS:Processing spin 1/1, band 18/20, step 18/20, time 0/0 s
STATUS:Processing spin 1/1, band 19/20, step 19/20, time 0/0 s
STATUS:Processing spin 1/1, band 20/20, step 20/20, time 0/0 s
STATUS:OK
STATUS:OK
STATUS:OK
STATUS:Update
STATUS:Update data
STATUS:Update eigenvalues: spin down
STATUS:Read projected eigenvalues
STATUS:Setup projected eigenvalues
STATUS:OK
STATUS:Process projected eigenvalues
STATUS:Processing spin 2/1, band 1/20, step 1/20, time 0/0 s
STATUS:Processing spin 2/1, band 2/20, step 2/20, time 0/0 s
STATUS:Processing spin 2/1, band 3/20, step 3/20, time 0/0 s
STATUS:Processing spin 2/1, band 4/20, step 4/20, time 0/0 s
STATUS:Processing spin 2/1, band 5/20, step 5/20, time 0/0 s
STATUS:Processing spin 2/1, band 6/20, step 6/20, time 0/0 s
STATUS:Processing spin 2/1, band 7/20, step 7/20, time 0/0 s
STATUS:Processing spin 2/1, band 8/20, step 8/20, time 0/0 s
STATUS:Processing spin 2/1, band 9/20, step 9/20, time 0/0 s
STATUS:Processing spin 2/1, band 10/20, step 10/20, time 0/0 s
STATUS:Processing spin 2/1, band 11/20, step 11/20, time 0/0 s
STATUS:Processing spin 2/1, band 12/20, step 12/20, time 0/0 s
STATUS:Processing spin 2/1, band 13/20, step 13/20, time 0/0 s
STATUS:Processing spin 2/1, band 14/20, step 14/20, time 0/0 s
STATUS:Processing spin 2/1, band 15/20, step 15/20, time 0/0 s
STATUS:Processing spin 2/1, band 16/20, step 16/20, time 0/0 s
STATUS:Processing spin 2/1, band 17/20, step 17/20, time 0/0 s
STATUS:Processing spin 2/1, band 18/20, step 18/20, time 0/0 s
STATUS:Processing spin 2/1, band 19/20, step 19/20, time 0/0 s
STATUS:Processing spin 2/1, band 20/20, step 20/20, time 0/0 s
STATUS:OK
STATUS:OK
STATUS:OK
STATUS:Update
STATUS:Update data
STATUS:Update eigenvalues: spin up
STATUS:Read projected eigenvalues
STATUS:Setup projected eigenvalues
STATUS:OK
STATUS:Process projected eigenvalues
STATUS:Processing spin 1/1, band 1/20, step 1/20, time 0/0 s
STATUS:Processing spin 1/1, band 2/20, step 2/20, time 0/0 s
STATUS:Processing spin 1/1, band 3/20, step 3/20, time 0/0 s
STATUS:Processing spin 1/1, band 4/20, step 4/20, time 0/0 s
STATUS:Processing spin 1/1, band 5/20, step 5/20, time 0/0 s
STATUS:Processing spin 1/1, band 6/20, step 6/20, time 0/0 s
STATUS:Processing spin 1/1, band 7/20, step 7/20, time 0/0 s
STATUS:Processing spin 1/1, band 8/20, step 8/20, time 0/0 s
STATUS:Processing spin 1/1, band 9/20, step 9/20, time 0/0 s
STATUS:Processing spin 1/1, band 10/20, step 10/20, time 0/0 s
STATUS:Processing spin 1/1, band 11/20, step 11/20, time 0/0 s
STATUS:Processing spin 1/1, band 12/20, step 12/20, time 0/0 s
STATUS:Processing spin 1/1, band 13/20, step 13/20, time 0/0 s
STATUS:Processing spin 1/1, band 14/20, step 14/20, time 0/0 s
STATUS:Processing spin 1/1, band 15/20, step 15/20, time 0/0 s
STATUS:Processing spin 1/1, band 16/20, step 16/20, time 0/0 s
STATUS:Processing spin 1/1, band 17/20, step 17/20, time 0/0 s
STATUS:Processing spin 1/1, band 18/20, step 18/20, time 0/0 s
STATUS:Processing spin 1/1, band 19/20, step 19/20, time 0/0 s
STATUS:Processing spin 1/1, band 20/20, step 20/20, time 0/0 s
STATUS:OK
STATUS:OK
STATUS:OK
STATUS:Update
STATUS:Update data
STATUS:OK
STATUS:OK
